<?xml version="1.0" encoding="UTF-8"?>
<!-- Generated by org.testng.reporters.JUnitReportReporter -->
<testsuite hostname="VDC01LLAP6101" failures="0" tests="2" name="com.tests.HomeTest" time="12.199" errors="0" timestamp="2023-01-18T13:17:55 IST" skipped="0">
  <testcase classname="com.tests.HomeTest" name="TipsPageNavigation" time="2.832"/>
  <system-out/>
  <testcase classname="com.tests.HomeTest" name="logout" time="9.367"/>
  <system-out/>
</testsuite> <!-- com.tests.HomeTest -->
