<?xml version="1.0" encoding="UTF-8"?>
<!-- Generated by org.testng.reporters.JUnitReportReporter -->
<testsuite hostname="VDC01LLAP6101" failures="0" tests="1" name="com.tests.LoginTest" time="5.644" errors="0" timestamp="2023-02-08T18:21:41 IST" skipped="0">
  <testcase classname="com.tests.LoginTest" name="loginScreenNavigation" time="5.644"/>
  <system-out/>
</testsuite> <!-- com.tests.LoginTest -->
